<?xml version="1.0" encoding="UTF-8"?>
<testng-results ignored="0" total="2" passed="1" failed="1" skipped="0">
  <reporter-output>
  </reporter-output>
  <suite started-at="2023-04-06T10:39:44 EEST" name="Default suite" finished-at="2023-04-06T10:40:13 EEST" duration-ms="29611">
    <groups>
    </groups>
    <test started-at="2023-04-06T10:39:44 EEST" name="Default test" finished-at="2023-04-06T10:40:13 EEST" duration-ms="29611">
      <class name="appium.realTimeEcomApp.CalculateCart">
        <test-method is-config="true" signature="ConfigureAppium()[pri:0, instance:appium.realTimeEcomApp.CalculateCart@5cee5251]" started-at="2023-04-06T10:39:44 EEST" name="ConfigureAppium" finished-at="2023-04-06T10:39:50 EEST" duration-ms="6388" status="PASS">
          <reporter-output>
          </reporter-output>
        </test-method> <!-- ConfigureAppium -->
        <test-method is-config="true" signature="defaultTimeOut()[pri:0, instance:appium.realTimeEcomApp.CalculateCart@5cee5251]" started-at="2023-04-06T10:39:50 EEST" name="defaultTimeOut" finished-at="2023-04-06T10:39:50 EEST" duration-ms="13" status="PASS">
          <reporter-output>
          </reporter-output>
        </test-method> <!-- defaultTimeOut -->
        <test-method signature="addProductToCart()[pri:1, instance:appium.realTimeEcomApp.CalculateCart@5cee5251]" started-at="2023-04-06T10:39:50 EEST" name="addProductToCart" finished-at="2023-04-06T10:40:10 EEST" duration-ms="19520" status="FAIL">
          <exception class="java.lang.AssertionError">
            <message>
              <![CDATA[expected [335.97] but found [165.0]]]>
            </message>
            <full-stacktrace>
              <![CDATA[java.lang.AssertionError: expected [335.97] but found [165.0]
at org.testng.Assert.fail(Assert.java:99)
at org.testng.Assert.failNotEquals(Assert.java:1037)
at org.testng.Assert.assertEquals(Assert.java:701)
at org.testng.Assert.assertEquals(Assert.java:712)
at appium.realTimeEcomApp.CalculateCart.addProductToCart(CalculateCart.java:68)
at java.base/jdk.internal.reflect.NativeMethodAccessorImpl.invoke0(Native Method)
at java.base/jdk.internal.reflect.NativeMethodAccessorImpl.invoke(NativeMethodAccessorImpl.java:77)
at java.base/jdk.internal.reflect.DelegatingMethodAccessorImpl.invoke(DelegatingMethodAccessorImpl.java:43)
at java.base/java.lang.reflect.Method.invoke(Method.java:568)
at org.testng.internal.MethodInvocationHelper.invokeMethod(MethodInvocationHelper.java:133)
at org.testng.internal.TestInvoker.invokeMethod(TestInvoker.java:598)
at org.testng.internal.TestInvoker.invokeTestMethod(TestInvoker.java:173)
at org.testng.internal.MethodRunner.runInSequence(MethodRunner.java:46)
at org.testng.internal.TestInvoker$MethodInvocationAgent.invoke(TestInvoker.java:824)
at org.testng.internal.TestInvoker.invokeTestMethods(TestInvoker.java:146)
at org.testng.internal.TestMethodWorker.invokeTestMethods(TestMethodWorker.java:146)
at org.testng.internal.TestMethodWorker.run(TestMethodWorker.java:128)
at java.base/java.util.ArrayList.forEach(ArrayList.java:1511)
at org.testng.TestRunner.privateRun(TestRunner.java:794)
at org.testng.TestRunner.run(TestRunner.java:596)
at org.testng.SuiteRunner.runTest(SuiteRunner.java:377)
at org.testng.SuiteRunner.runSequentially(SuiteRunner.java:371)
at org.testng.SuiteRunner.privateRun(SuiteRunner.java:332)
at org.testng.SuiteRunner.run(SuiteRunner.java:276)
at org.testng.SuiteRunnerWorker.runSuite(SuiteRunnerWorker.java:53)
at org.testng.SuiteRunnerWorker.run(SuiteRunnerWorker.java:96)
at org.testng.TestNG.runSuitesSequentially(TestNG.java:1212)
at org.testng.TestNG.runSuitesLocally(TestNG.java:1134)
at org.testng.TestNG.runSuites(TestNG.java:1063)
at org.testng.TestNG.run(TestNG.java:1031)
at org.testng.remote.AbstractRemoteTestNG.run(AbstractRemoteTestNG.java:115)
at org.testng.remote.RemoteTestNG.initAndRun(RemoteTestNG.java:251)
at org.testng.remote.RemoteTestNG.main(RemoteTestNG.java:77)
]]>
            </full-stacktrace>
          </exception> <!-- java.lang.AssertionError -->
          <reporter-output>
          </reporter-output>
        </test-method> <!-- addProductToCart -->
        <test-method signature="termsConditions()[pri:2, instance:appium.realTimeEcomApp.CalculateCart@5cee5251]" started-at="2023-04-06T10:40:10 EEST" name="termsConditions" finished-at="2023-04-06T10:40:13 EEST" duration-ms="3669" status="PASS">
          <reporter-output>
          </reporter-output>
        </test-method> <!-- termsConditions -->
      </class> <!-- appium.realTimeEcomApp.CalculateCart -->
    </test> <!-- Default test -->
  </suite> <!-- Default suite -->
</testng-results>
