<?xml version="1.0" encoding="UTF-8"?>
<testng-results ignored="0" total="1" passed="1" failed="0" skipped="0">
  <reporter-output>
  </reporter-output>
  <suite started-at="2023-04-10T13:01:17 EEST" name="Default suite" finished-at="2023-04-10T13:01:29 EEST" duration-ms="12176">
    <groups>
    </groups>
    <test started-at="2023-04-10T13:01:17 EEST" name="Default test" finished-at="2023-04-10T13:01:29 EEST" duration-ms="12176">
      <class name="appium.realTimeEcomApp.MobileBrowsertests">
        <test-method is-config="true" signature="ConfigureAppium()[pri:0, instance:appium.realTimeEcomApp.MobileBrowsertests@3cc2931c]" started-at="2023-04-10T13:01:17 EEST" name="ConfigureAppium" finished-at="2023-04-10T13:01:23 EEST" duration-ms="5911" status="PASS">
          <reporter-output>
          </reporter-output>
        </test-method> <!-- ConfigureAppium -->
        <test-method is-config="true" signature="defaultTimeOut()[pri:0, instance:appium.realTimeEcomApp.MobileBrowsertests@3cc2931c]" started-at="2023-04-10T13:01:23 EEST" name="defaultTimeOut" finished-at="2023-04-10T13:01:23 EEST" duration-ms="16" status="PASS">
          <reporter-output>
          </reporter-output>
        </test-method> <!-- defaultTimeOut -->
        <test-method signature="browserTests()[pri:0, instance:appium.realTimeEcomApp.MobileBrowsertests@3cc2931c]" started-at="2023-04-10T13:01:23 EEST" name="browserTests" finished-at="2023-04-10T13:01:29 EEST" duration-ms="6222" status="PASS">
          <reporter-output>
          </reporter-output>
        </test-method> <!-- browserTests -->
      </class> <!-- appium.realTimeEcomApp.MobileBrowsertests -->
    </test> <!-- Default test -->
  </suite> <!-- Default suite -->
</testng-results>
